2024-05-18 12:18:43,103 - selenium.webdriver.common.selenium_manager - WARNING - Cache folder (/Users/xuenshen/.cache/selenium) cannot be created: Permission denied (os error 13)
2024-05-18 12:18:43,105 - selenium.webdriver.common.selenium_manager - WARNING - Cache folder (/Users/xuenshen/.cache/selenium) cannot be created: Permission denied (os error 13)
2024-05-18 12:18:43,105 - selenium.webdriver.common.selenium_manager - WARNING - Cache folder (/Users/xuenshen/.cache/selenium) cannot be created: Permission denied (os error 13)
2024-05-18 12:18:45,349 - root - INFO - Test External URls
2024-05-18 12:18:45,352 - root - INFO - Verifying URLS
2024-05-18 12:18:45,737 - selenium.webdriver.common.selenium_manager - WARNING - Cache folder (/Users/xuenshen/.cache/selenium) cannot be created: Permission denied (os error 13)
2024-05-18 12:18:45,744 - selenium.webdriver.common.selenium_manager - WARNING - Cache folder (/Users/xuenshen/.cache/selenium) cannot be created: Permission denied (os error 13)
2024-05-18 12:18:45,744 - selenium.webdriver.common.selenium_manager - WARNING - Cache folder (/Users/xuenshen/.cache/selenium) cannot be created: Permission denied (os error 13)
2024-05-18 12:18:47,651 - root - INFO - Test External URls
2024-05-18 12:18:47,687 - root - INFO - Verifying URLS
2024-05-18 12:19:14,959 - selenium.webdriver.common.selenium_manager - WARNING - Cache folder (/Users/xuenshen/.cache/selenium) cannot be created: Permission denied (os error 13)
2024-05-18 12:19:14,961 - selenium.webdriver.common.selenium_manager - WARNING - Cache folder (/Users/xuenshen/.cache/selenium) cannot be created: Permission denied (os error 13)
2024-05-18 12:19:14,961 - selenium.webdriver.common.selenium_manager - WARNING - Cache folder (/Users/xuenshen/.cache/selenium) cannot be created: Permission denied (os error 13)
2024-05-18 12:19:16,108 - root - INFO - Test External URls
2024-05-18 12:19:16,118 - root - INFO - Verifying URLS
2024-05-18 12:19:16,481 - selenium.webdriver.common.selenium_manager - WARNING - Cache folder (/Users/xuenshen/.cache/selenium) cannot be created: Permission denied (os error 13)
2024-05-18 12:19:16,500 - selenium.webdriver.common.selenium_manager - WARNING - Cache folder (/Users/xuenshen/.cache/selenium) cannot be created: Permission denied (os error 13)
2024-05-18 12:19:16,500 - selenium.webdriver.common.selenium_manager - WARNING - Cache folder (/Users/xuenshen/.cache/selenium) cannot be created: Permission denied (os error 13)
2024-05-18 12:19:18,014 - root - INFO - Test External URls
2024-05-18 12:19:18,026 - root - INFO - Verifying URLS
2024-05-18 12:20:37,921 - selenium.webdriver.common.selenium_manager - WARNING - Cache folder (/Users/xuenshen/.cache/selenium) cannot be created: Permission denied (os error 13)
2024-05-18 12:20:37,922 - selenium.webdriver.common.selenium_manager - WARNING - Cache folder (/Users/xuenshen/.cache/selenium) cannot be created: Permission denied (os error 13)
2024-05-18 12:20:37,923 - selenium.webdriver.common.selenium_manager - WARNING - Cache folder (/Users/xuenshen/.cache/selenium) cannot be created: Permission denied (os error 13)
2024-05-18 12:20:39,208 - root - INFO - Test External URls
2024-05-18 12:20:39,223 - root - INFO - Verifying URLS
2024-05-18 12:20:39,619 - selenium.webdriver.common.selenium_manager - WARNING - Cache folder (/Users/xuenshen/.cache/selenium) cannot be created: Permission denied (os error 13)
2024-05-18 12:20:39,636 - selenium.webdriver.common.selenium_manager - WARNING - Cache folder (/Users/xuenshen/.cache/selenium) cannot be created: Permission denied (os error 13)
2024-05-18 12:20:39,657 - selenium.webdriver.common.selenium_manager - WARNING - Cache folder (/Users/xuenshen/.cache/selenium) cannot be created: Permission denied (os error 13)
2024-05-18 12:20:41,080 - root - INFO - Test External URls
2024-05-18 12:20:41,090 - root - INFO - Verifying URLS
2024-05-18 12:21:24,385 - selenium.webdriver.common.selenium_manager - WARNING - Cache folder (/Users/xuenshen/.cache/selenium) cannot be created: Permission denied (os error 13)
2024-05-18 12:21:24,399 - selenium.webdriver.common.selenium_manager - WARNING - Cache folder (/Users/xuenshen/.cache/selenium) cannot be created: Permission denied (os error 13)
2024-05-18 12:21:24,419 - selenium.webdriver.common.selenium_manager - WARNING - Cache folder (/Users/xuenshen/.cache/selenium) cannot be created: Permission denied (os error 13)
2024-05-18 12:21:25,686 - root - INFO - Test External URls
2024-05-18 12:21:25,700 - root - INFO - Verifying URLS
2024-05-18 12:21:26,063 - selenium.webdriver.common.selenium_manager - WARNING - Cache folder (/Users/xuenshen/.cache/selenium) cannot be created: Permission denied (os error 13)
2024-05-18 12:21:26,072 - selenium.webdriver.common.selenium_manager - WARNING - Cache folder (/Users/xuenshen/.cache/selenium) cannot be created: Permission denied (os error 13)
2024-05-18 12:21:26,072 - selenium.webdriver.common.selenium_manager - WARNING - Cache folder (/Users/xuenshen/.cache/selenium) cannot be created: Permission denied (os error 13)
2024-05-18 12:21:27,376 - root - INFO - Test External URls
2024-05-18 12:21:27,385 - root - INFO - Verifying URLS
2024-05-18 12:24:48,326 - selenium.webdriver.common.selenium_manager - WARNING - Cache folder (/Users/xuenshen/.cache/selenium) cannot be created: Permission denied (os error 13)
2024-05-18 12:24:48,328 - selenium.webdriver.common.selenium_manager - WARNING - Cache folder (/Users/xuenshen/.cache/selenium) cannot be created: Permission denied (os error 13)
2024-05-18 12:24:48,328 - selenium.webdriver.common.selenium_manager - WARNING - Cache folder (/Users/xuenshen/.cache/selenium) cannot be created: Permission denied (os error 13)
2024-05-18 12:24:50,167 - selenium.webdriver.common.selenium_manager - WARNING - Cache folder (/Users/xuenshen/.cache/selenium) cannot be created: Permission denied (os error 13)
2024-05-18 12:24:50,188 - selenium.webdriver.common.selenium_manager - WARNING - Cache folder (/Users/xuenshen/.cache/selenium) cannot be created: Permission denied (os error 13)
2024-05-18 12:24:50,188 - selenium.webdriver.common.selenium_manager - WARNING - Cache folder (/Users/xuenshen/.cache/selenium) cannot be created: Permission denied (os error 13)
2024-05-18 12:24:51,567 - root - INFO - Test External URls
2024-05-18 12:24:51,580 - root - INFO - Verifying URLS
2024-05-18 12:25:32,675 - selenium.webdriver.common.selenium_manager - WARNING - Cache folder (/Users/xuenshen/.cache/selenium) cannot be created: Permission denied (os error 13)
2024-05-18 12:25:32,676 - selenium.webdriver.common.selenium_manager - WARNING - Cache folder (/Users/xuenshen/.cache/selenium) cannot be created: Permission denied (os error 13)
2024-05-18 12:25:32,676 - selenium.webdriver.common.selenium_manager - WARNING - Cache folder (/Users/xuenshen/.cache/selenium) cannot be created: Permission denied (os error 13)
2024-05-18 12:25:34,387 - selenium.webdriver.common.selenium_manager - WARNING - Cache folder (/Users/xuenshen/.cache/selenium) cannot be created: Permission denied (os error 13)
2024-05-18 12:25:34,407 - selenium.webdriver.common.selenium_manager - WARNING - Cache folder (/Users/xuenshen/.cache/selenium) cannot be created: Permission denied (os error 13)
2024-05-18 12:25:34,408 - selenium.webdriver.common.selenium_manager - WARNING - Cache folder (/Users/xuenshen/.cache/selenium) cannot be created: Permission denied (os error 13)
2024-05-18 12:25:36,000 - root - INFO - Test External URls
2024-05-18 12:25:36,034 - root - INFO - Verifying URLS
2024-05-18 12:27:04,115 - selenium.webdriver.common.selenium_manager - WARNING - Cache folder (/Users/xuenshen/.cache/selenium) cannot be created: Permission denied (os error 13)
2024-05-18 12:27:04,116 - selenium.webdriver.common.selenium_manager - WARNING - Cache folder (/Users/xuenshen/.cache/selenium) cannot be created: Permission denied (os error 13)
2024-05-18 12:27:04,116 - selenium.webdriver.common.selenium_manager - WARNING - Cache folder (/Users/xuenshen/.cache/selenium) cannot be created: Permission denied (os error 13)
2024-05-18 12:27:05,891 - selenium.webdriver.common.selenium_manager - WARNING - Cache folder (/Users/xuenshen/.cache/selenium) cannot be created: Permission denied (os error 13)
2024-05-18 12:27:05,895 - selenium.webdriver.common.selenium_manager - WARNING - Cache folder (/Users/xuenshen/.cache/selenium) cannot be created: Permission denied (os error 13)
2024-05-18 12:27:05,895 - selenium.webdriver.common.selenium_manager - WARNING - Cache folder (/Users/xuenshen/.cache/selenium) cannot be created: Permission denied (os error 13)
2024-05-18 12:27:06,992 - root - INFO - Test External URls
2024-05-18 12:27:07,000 - root - INFO - Verifying URLS
2024-05-18 12:27:07,037 - root - INFO - External URls test is passed
2024-05-18 12:30:10,433 - root - INFO - "https://tvolearn.com/pages/grade-8-mathematics"
2024-05-18 12:30:10,766 - selenium.webdriver.common.selenium_manager - WARNING - Cache folder (/Users/xuenshen/.cache/selenium) cannot be created: Permission denied (os error 13)
2024-05-18 12:30:10,766 - selenium.webdriver.common.selenium_manager - WARNING - Cache folder (/Users/xuenshen/.cache/selenium) cannot be created: Permission denied (os error 13)
2024-05-18 12:30:10,766 - selenium.webdriver.common.selenium_manager - WARNING - Cache folder (/Users/xuenshen/.cache/selenium) cannot be created: Permission denied (os error 13)
2024-05-18 12:30:12,533 - selenium.webdriver.common.selenium_manager - WARNING - Cache folder (/Users/xuenshen/.cache/selenium) cannot be created: Permission denied (os error 13)
2024-05-18 12:30:12,534 - selenium.webdriver.common.selenium_manager - WARNING - Cache folder (/Users/xuenshen/.cache/selenium) cannot be created: Permission denied (os error 13)
2024-05-18 12:30:12,555 - selenium.webdriver.common.selenium_manager - WARNING - Cache folder (/Users/xuenshen/.cache/selenium) cannot be created: Permission denied (os error 13)
2024-05-18 12:30:14,113 - root - INFO - Test External URls
2024-05-18 12:30:14,144 - root - INFO - Verifying URLS
2024-05-18 12:30:14,196 - root - INFO - External URls test is passed
2024-05-18 12:31:06,025 - root - INFO - "https://tvolearn.com/pages/grade-8-mathematics"
2024-05-18 12:31:06,329 - selenium.webdriver.common.selenium_manager - WARNING - Cache folder (/Users/xuenshen/.cache/selenium) cannot be created: Permission denied (os error 13)
2024-05-18 12:31:06,330 - selenium.webdriver.common.selenium_manager - WARNING - Cache folder (/Users/xuenshen/.cache/selenium) cannot be created: Permission denied (os error 13)
2024-05-18 12:31:06,330 - selenium.webdriver.common.selenium_manager - WARNING - Cache folder (/Users/xuenshen/.cache/selenium) cannot be created: Permission denied (os error 13)
2024-05-18 12:31:09,916 - root - INFO - Test External URls
2024-05-18 12:31:09,917 - root - INFO - Verifying URLS
2024-05-18 12:31:10,499 - selenium.webdriver.common.selenium_manager - WARNING - Cache folder (/Users/xuenshen/.cache/selenium) cannot be created: Permission denied (os error 13)
2024-05-18 12:31:10,500 - selenium.webdriver.common.selenium_manager - WARNING - Cache folder (/Users/xuenshen/.cache/selenium) cannot be created: Permission denied (os error 13)
2024-05-18 12:31:10,500 - selenium.webdriver.common.selenium_manager - WARNING - Cache folder (/Users/xuenshen/.cache/selenium) cannot be created: Permission denied (os error 13)
2024-05-18 12:31:12,071 - root - INFO - Test External URls
2024-05-18 12:31:12,078 - root - INFO - Verifying URLS
2024-05-18 12:31:12,157 - root - INFO - External URls test is passed
2024-05-18 12:36:04,967 - selenium.webdriver.common.selenium_manager - WARNING - Cache folder (/Users/xuenshen/.cache/selenium) cannot be created: Permission denied (os error 13)
2024-05-18 12:36:04,968 - selenium.webdriver.common.selenium_manager - WARNING - Cache folder (/Users/xuenshen/.cache/selenium) cannot be created: Permission denied (os error 13)
2024-05-18 12:36:04,969 - selenium.webdriver.common.selenium_manager - WARNING - Cache folder (/Users/xuenshen/.cache/selenium) cannot be created: Permission denied (os error 13)
2024-05-18 12:36:09,703 - root - INFO - Test External URls
2024-05-18 12:36:09,737 - root - INFO - Verifying URLS
2024-05-18 12:36:10,434 - selenium.webdriver.common.selenium_manager - WARNING - Cache folder (/Users/xuenshen/.cache/selenium) cannot be created: Permission denied (os error 13)
2024-05-18 12:36:10,435 - selenium.webdriver.common.selenium_manager - WARNING - Cache folder (/Users/xuenshen/.cache/selenium) cannot be created: Permission denied (os error 13)
2024-05-18 12:36:10,435 - selenium.webdriver.common.selenium_manager - WARNING - Cache folder (/Users/xuenshen/.cache/selenium) cannot be created: Permission denied (os error 13)
2024-05-18 12:36:11,660 - root - INFO - Test External URls
2024-05-18 12:36:11,664 - root - INFO - Verifying URLS
2024-05-18 12:36:11,699 - root - INFO - External URls test is passed
2024-05-18 12:36:41,484 - selenium.webdriver.common.selenium_manager - WARNING - Cache folder (/Users/xuenshen/.cache/selenium) cannot be created: Permission denied (os error 13)
2024-05-18 12:36:41,484 - selenium.webdriver.common.selenium_manager - WARNING - Cache folder (/Users/xuenshen/.cache/selenium) cannot be created: Permission denied (os error 13)
2024-05-18 12:36:41,484 - selenium.webdriver.common.selenium_manager - WARNING - Cache folder (/Users/xuenshen/.cache/selenium) cannot be created: Permission denied (os error 13)
2024-05-18 12:36:45,946 - root - INFO - Test External URls
2024-05-18 12:36:45,960 - root - INFO - Verifying URLS
2024-05-18 12:36:46,541 - selenium.webdriver.common.selenium_manager - WARNING - Cache folder (/Users/xuenshen/.cache/selenium) cannot be created: Permission denied (os error 13)
2024-05-18 12:36:46,542 - selenium.webdriver.common.selenium_manager - WARNING - Cache folder (/Users/xuenshen/.cache/selenium) cannot be created: Permission denied (os error 13)
2024-05-18 12:36:46,542 - selenium.webdriver.common.selenium_manager - WARNING - Cache folder (/Users/xuenshen/.cache/selenium) cannot be created: Permission denied (os error 13)
2024-05-18 12:36:47,624 - root - INFO - Test External URls
2024-05-18 12:36:47,628 - root - INFO - Verifying URLS
2024-05-18 12:36:47,688 - root - INFO - External URls test is passed
2024-05-18 12:37:06,932 - selenium.webdriver.common.selenium_manager - WARNING - Cache folder (/Users/xuenshen/.cache/selenium) cannot be created: Permission denied (os error 13)
2024-05-18 12:37:06,933 - selenium.webdriver.common.selenium_manager - WARNING - Cache folder (/Users/xuenshen/.cache/selenium) cannot be created: Permission denied (os error 13)
2024-05-18 12:37:06,933 - selenium.webdriver.common.selenium_manager - WARNING - Cache folder (/Users/xuenshen/.cache/selenium) cannot be created: Permission denied (os error 13)
2024-05-18 12:37:10,027 - root - INFO - Test External URls
2024-05-18 12:37:10,027 - root - INFO - Verifying URLS
2024-05-18 12:37:10,694 - selenium.webdriver.common.selenium_manager - WARNING - Cache folder (/Users/xuenshen/.cache/selenium) cannot be created: Permission denied (os error 13)
2024-05-18 12:37:10,694 - selenium.webdriver.common.selenium_manager - WARNING - Cache folder (/Users/xuenshen/.cache/selenium) cannot be created: Permission denied (os error 13)
2024-05-18 12:37:10,694 - selenium.webdriver.common.selenium_manager - WARNING - Cache folder (/Users/xuenshen/.cache/selenium) cannot be created: Permission denied (os error 13)
2024-05-18 12:37:12,247 - root - INFO - Test External URls
2024-05-18 12:37:12,290 - root - INFO - Verifying URLS
2024-05-18 12:37:12,359 - root - INFO - External URls test is passed
2024-05-18 12:37:57,133 - selenium.webdriver.common.selenium_manager - WARNING - Cache folder (/Users/xuenshen/.cache/selenium) cannot be created: Permission denied (os error 13)
2024-05-18 12:37:57,135 - selenium.webdriver.common.selenium_manager - WARNING - Cache folder (/Users/xuenshen/.cache/selenium) cannot be created: Permission denied (os error 13)
2024-05-18 12:37:57,135 - selenium.webdriver.common.selenium_manager - WARNING - Cache folder (/Users/xuenshen/.cache/selenium) cannot be created: Permission denied (os error 13)
2024-05-18 12:38:00,195 - root - INFO - Test External URls
2024-05-18 12:38:00,196 - root - INFO - Verifying URLS
2024-05-18 12:38:00,311 - root - INFO - External URls test is passed
2024-05-18 12:38:00,966 - selenium.webdriver.common.selenium_manager - WARNING - Cache folder (/Users/xuenshen/.cache/selenium) cannot be created: Permission denied (os error 13)
2024-05-18 12:38:00,966 - selenium.webdriver.common.selenium_manager - WARNING - Cache folder (/Users/xuenshen/.cache/selenium) cannot be created: Permission denied (os error 13)
2024-05-18 12:38:00,966 - selenium.webdriver.common.selenium_manager - WARNING - Cache folder (/Users/xuenshen/.cache/selenium) cannot be created: Permission denied (os error 13)
2024-05-18 12:38:01,978 - root - INFO - Test External URls
2024-05-18 12:38:01,986 - root - INFO - Verifying URLS
2024-05-18 12:38:02,040 - root - INFO - External URls test is passed
2024-05-18 12:40:18,714 - selenium.webdriver.common.selenium_manager - WARNING - Cache folder (/Users/xuenshen/.cache/selenium) cannot be created: Permission denied (os error 13)
2024-05-18 12:40:18,715 - selenium.webdriver.common.selenium_manager - WARNING - Cache folder (/Users/xuenshen/.cache/selenium) cannot be created: Permission denied (os error 13)
2024-05-18 12:40:18,715 - selenium.webdriver.common.selenium_manager - WARNING - Cache folder (/Users/xuenshen/.cache/selenium) cannot be created: Permission denied (os error 13)
2024-05-18 12:40:21,843 - root - INFO - Test External URls
2024-05-18 12:40:21,844 - root - INFO - Verifying URLS
2024-05-18 12:40:22,393 - selenium.webdriver.common.selenium_manager - WARNING - Cache folder (/Users/xuenshen/.cache/selenium) cannot be created: Permission denied (os error 13)
2024-05-18 12:40:22,394 - selenium.webdriver.common.selenium_manager - WARNING - Cache folder (/Users/xuenshen/.cache/selenium) cannot be created: Permission denied (os error 13)
2024-05-18 12:40:22,394 - selenium.webdriver.common.selenium_manager - WARNING - Cache folder (/Users/xuenshen/.cache/selenium) cannot be created: Permission denied (os error 13)
2024-05-18 12:40:23,868 - root - INFO - Test External URls
2024-05-18 12:40:23,894 - root - INFO - Verifying URLS
2024-05-18 12:40:59,807 - selenium.webdriver.common.selenium_manager - WARNING - Cache folder (/Users/xuenshen/.cache/selenium) cannot be created: Permission denied (os error 13)
2024-05-18 12:40:59,809 - selenium.webdriver.common.selenium_manager - WARNING - Cache folder (/Users/xuenshen/.cache/selenium) cannot be created: Permission denied (os error 13)
2024-05-18 12:40:59,809 - selenium.webdriver.common.selenium_manager - WARNING - Cache folder (/Users/xuenshen/.cache/selenium) cannot be created: Permission denied (os error 13)
2024-05-18 12:41:02,701 - root - INFO - Test External URls
2024-05-18 12:41:02,702 - root - INFO - Verifying URLS
2024-05-18 12:41:03,722 - root - INFO - External URls test is passed
2024-05-18 12:41:04,225 - selenium.webdriver.common.selenium_manager - WARNING - Cache folder (/Users/xuenshen/.cache/selenium) cannot be created: Permission denied (os error 13)
2024-05-18 12:41:04,226 - selenium.webdriver.common.selenium_manager - WARNING - Cache folder (/Users/xuenshen/.cache/selenium) cannot be created: Permission denied (os error 13)
2024-05-18 12:41:04,226 - selenium.webdriver.common.selenium_manager - WARNING - Cache folder (/Users/xuenshen/.cache/selenium) cannot be created: Permission denied (os error 13)
2024-05-18 12:41:05,319 - root - INFO - Test External URls
2024-05-18 12:41:05,336 - root - INFO - Verifying URLS
2024-05-18 12:41:05,389 - root - INFO - External URls test is passed
2024-05-18 12:42:09,469 - selenium.webdriver.common.selenium_manager - WARNING - Cache folder (/Users/xuenshen/.cache/selenium) cannot be created: Permission denied (os error 13)
2024-05-18 12:42:09,470 - selenium.webdriver.common.selenium_manager - WARNING - Cache folder (/Users/xuenshen/.cache/selenium) cannot be created: Permission denied (os error 13)
2024-05-18 12:42:09,470 - selenium.webdriver.common.selenium_manager - WARNING - Cache folder (/Users/xuenshen/.cache/selenium) cannot be created: Permission denied (os error 13)
2024-05-18 12:42:12,709 - root - INFO - Test External URls
2024-05-18 12:42:12,709 - root - INFO - Verifying URLS
2024-05-18 12:43:11,086 - root - INFO - External URls test is passed
2024-05-18 12:43:11,632 - selenium.webdriver.common.selenium_manager - WARNING - Cache folder (/Users/xuenshen/.cache/selenium) cannot be created: Permission denied (os error 13)
2024-05-18 12:43:11,633 - selenium.webdriver.common.selenium_manager - WARNING - Cache folder (/Users/xuenshen/.cache/selenium) cannot be created: Permission denied (os error 13)
2024-05-18 12:43:11,633 - selenium.webdriver.common.selenium_manager - WARNING - Cache folder (/Users/xuenshen/.cache/selenium) cannot be created: Permission denied (os error 13)
2024-05-18 12:43:12,854 - root - INFO - Test External URls
2024-05-18 12:43:12,885 - root - INFO - Verifying URLS
2024-05-18 12:43:12,936 - root - INFO - External URls test is passed
2024-05-18 13:51:10,815 - selenium.webdriver.common.selenium_manager - WARNING - Cache folder (/Users/xuenshen/.cache/selenium) cannot be created: Permission denied (os error 13)
2024-05-18 13:51:10,816 - selenium.webdriver.common.selenium_manager - WARNING - Cache folder (/Users/xuenshen/.cache/selenium) cannot be created: Permission denied (os error 13)
2024-05-18 13:51:10,817 - selenium.webdriver.common.selenium_manager - WARNING - Cache folder (/Users/xuenshen/.cache/selenium) cannot be created: Permission denied (os error 13)
2024-05-18 13:51:15,001 - root - INFO - Test Jumps Buttons
2024-05-18 13:51:15,001 - root - INFO - Waiting for buttons loads
2024-05-18 13:52:29,766 - selenium.webdriver.common.selenium_manager - WARNING - Cache folder (/Users/xuenshen/.cache/selenium) cannot be created: Permission denied (os error 13)
2024-05-18 13:52:29,768 - selenium.webdriver.common.selenium_manager - WARNING - Cache folder (/Users/xuenshen/.cache/selenium) cannot be created: Permission denied (os error 13)
2024-05-18 13:52:29,768 - selenium.webdriver.common.selenium_manager - WARNING - Cache folder (/Users/xuenshen/.cache/selenium) cannot be created: Permission denied (os error 13)
2024-05-18 13:52:33,174 - root - INFO - Test Jumps Buttons
2024-05-18 13:52:33,176 - root - INFO - Waiting for buttons loads
2024-05-18 13:53:07,193 - selenium.webdriver.common.selenium_manager - WARNING - Cache folder (/Users/xuenshen/.cache/selenium) cannot be created: Permission denied (os error 13)
2024-05-18 13:53:07,194 - selenium.webdriver.common.selenium_manager - WARNING - Cache folder (/Users/xuenshen/.cache/selenium) cannot be created: Permission denied (os error 13)
2024-05-18 13:53:07,195 - selenium.webdriver.common.selenium_manager - WARNING - Cache folder (/Users/xuenshen/.cache/selenium) cannot be created: Permission denied (os error 13)
2024-05-18 13:53:12,233 - root - INFO - Test Jumps Buttons
2024-05-18 13:53:12,253 - root - INFO - Waiting for buttons loads
2024-05-18 13:57:03,725 - selenium.webdriver.common.selenium_manager - WARNING - Cache folder (/Users/xuenshen/.cache/selenium) cannot be created: Permission denied (os error 13)
2024-05-18 13:57:03,727 - selenium.webdriver.common.selenium_manager - WARNING - Cache folder (/Users/xuenshen/.cache/selenium) cannot be created: Permission denied (os error 13)
2024-05-18 13:57:03,727 - selenium.webdriver.common.selenium_manager - WARNING - Cache folder (/Users/xuenshen/.cache/selenium) cannot be created: Permission denied (os error 13)
2024-05-18 13:57:07,197 - root - INFO - Test Jumps Buttons
2024-05-18 13:57:07,197 - root - INFO - Waiting for buttons loads
2024-05-18 13:57:07,245 - root - INFO - Waiting for jump buttons
2024-05-18 13:57:07,251 - root - INFO - https://tvolearn.com/pages/grade-8-mathematics#jumpto-lesson-packs
2024-05-18 13:57:07,374 - root - INFO - https://tvolearn.com/pages/grade-8-mathematics#jumpto-resources
2024-05-18 13:57:07,448 - root - INFO - https://tvolearn.com/pages/grade-8-mathematics#jumpto-activities
2024-05-18 13:57:07,560 - root - INFO - https://tvolearn.com/pages/grade-8-mathematics#jumpto-vocabulary
2024-05-18 13:57:07,626 - root - INFO - https://tvolearn.com/pages/grade-8-mathematics#jumpto-lesson-packs is not working
2024-05-18 13:57:07,628 - root - INFO - https://tvolearn.com/pages/grade-8-mathematics#jumpto-resources is not working
2024-05-18 13:57:07,628 - root - INFO - https://tvolearn.com/pages/grade-8-mathematics#jumpto-activities is not working
2024-05-18 13:57:07,628 - root - INFO - https://tvolearn.com/pages/grade-8-mathematics#jumpto-vocabulary is not working
2024-05-18 14:00:21,565 - selenium.webdriver.common.selenium_manager - WARNING - Cache folder (/Users/xuenshen/.cache/selenium) cannot be created: Permission denied (os error 13)
2024-05-18 14:00:21,566 - selenium.webdriver.common.selenium_manager - WARNING - Cache folder (/Users/xuenshen/.cache/selenium) cannot be created: Permission denied (os error 13)
2024-05-18 14:00:21,566 - selenium.webdriver.common.selenium_manager - WARNING - Cache folder (/Users/xuenshen/.cache/selenium) cannot be created: Permission denied (os error 13)
2024-05-18 14:00:25,262 - root - INFO - Test Jumps Buttons
2024-05-18 14:00:25,263 - root - INFO - Waiting for buttons loads
2024-05-18 14:00:25,319 - root - INFO - Waiting for jump buttons
2024-05-18 14:00:25,326 - root - INFO - jumpto-lesson-packs
2024-05-18 14:00:39,858 - selenium.webdriver.common.selenium_manager - WARNING - Cache folder (/Users/xuenshen/.cache/selenium) cannot be created: Permission denied (os error 13)
2024-05-18 14:00:39,859 - selenium.webdriver.common.selenium_manager - WARNING - Cache folder (/Users/xuenshen/.cache/selenium) cannot be created: Permission denied (os error 13)
2024-05-18 14:00:39,859 - selenium.webdriver.common.selenium_manager - WARNING - Cache folder (/Users/xuenshen/.cache/selenium) cannot be created: Permission denied (os error 13)
2024-05-18 14:00:43,248 - root - INFO - Test Jumps Buttons
2024-05-18 14:00:43,251 - root - INFO - Waiting for buttons loads
2024-05-18 14:00:43,310 - root - INFO - Waiting for jump buttons
2024-05-18 14:00:43,319 - root - INFO - jumpto-lesson-packs
2024-05-18 14:00:55,280 - selenium.webdriver.common.selenium_manager - WARNING - Cache folder (/Users/xuenshen/.cache/selenium) cannot be created: Permission denied (os error 13)
2024-05-18 14:00:55,281 - selenium.webdriver.common.selenium_manager - WARNING - Cache folder (/Users/xuenshen/.cache/selenium) cannot be created: Permission denied (os error 13)
2024-05-18 14:00:55,281 - selenium.webdriver.common.selenium_manager - WARNING - Cache folder (/Users/xuenshen/.cache/selenium) cannot be created: Permission denied (os error 13)
2024-05-18 14:00:58,653 - root - INFO - Test Jumps Buttons
2024-05-18 14:00:58,653 - root - INFO - Waiting for buttons loads
2024-05-18 14:00:58,713 - root - INFO - Waiting for jump buttons
2024-05-18 14:00:58,720 - root - INFO - jumpto-lesson-packs
2024-05-18 14:00:59,905 - root - INFO - jumpto-resources
2024-05-18 14:05:52,585 - selenium.webdriver.common.selenium_manager - WARNING - Cache folder (/Users/xuenshen/.cache/selenium) cannot be created: Permission denied (os error 13)
2024-05-18 14:05:52,586 - selenium.webdriver.common.selenium_manager - WARNING - Cache folder (/Users/xuenshen/.cache/selenium) cannot be created: Permission denied (os error 13)
2024-05-18 14:05:52,587 - selenium.webdriver.common.selenium_manager - WARNING - Cache folder (/Users/xuenshen/.cache/selenium) cannot be created: Permission denied (os error 13)
2024-05-18 14:05:56,271 - root - INFO - Test Jumps Buttons
2024-05-18 14:05:56,271 - root - INFO - Waiting for buttons loads
2024-05-18 14:05:56,296 - root - INFO - Waiting for jump buttons
2024-05-18 14:10:20,952 - selenium.webdriver.common.selenium_manager - WARNING - Cache folder (/Users/xuenshen/.cache/selenium) cannot be created: Permission denied (os error 13)
2024-05-18 14:10:20,953 - selenium.webdriver.common.selenium_manager - WARNING - Cache folder (/Users/xuenshen/.cache/selenium) cannot be created: Permission denied (os error 13)
2024-05-18 14:10:20,953 - selenium.webdriver.common.selenium_manager - WARNING - Cache folder (/Users/xuenshen/.cache/selenium) cannot be created: Permission denied (os error 13)
2024-05-18 14:10:26,099 - root - INFO - Test Jumps Buttons
2024-05-18 14:10:26,100 - root - INFO - Waiting for buttons loads
2024-05-18 14:10:26,170 - root - INFO - Waiting for jump buttons
2024-05-18 14:12:05,877 - selenium.webdriver.common.selenium_manager - WARNING - Cache folder (/Users/xuenshen/.cache/selenium) cannot be created: Permission denied (os error 13)
2024-05-18 14:12:05,878 - selenium.webdriver.common.selenium_manager - WARNING - Cache folder (/Users/xuenshen/.cache/selenium) cannot be created: Permission denied (os error 13)
2024-05-18 14:12:05,878 - selenium.webdriver.common.selenium_manager - WARNING - Cache folder (/Users/xuenshen/.cache/selenium) cannot be created: Permission denied (os error 13)
2024-05-18 14:12:09,015 - root - INFO - Test Jumps Buttons
2024-05-18 14:12:09,015 - root - INFO - Waiting for buttons loads
2024-05-18 14:12:09,033 - root - INFO - Waiting for jump buttons
2024-05-18 14:12:09,041 - root - INFO - 
2024-05-18 14:14:45,575 - selenium.webdriver.common.selenium_manager - WARNING - Cache folder (/Users/xuenshen/.cache/selenium) cannot be created: Permission denied (os error 13)
2024-05-18 14:14:45,576 - selenium.webdriver.common.selenium_manager - WARNING - Cache folder (/Users/xuenshen/.cache/selenium) cannot be created: Permission denied (os error 13)
2024-05-18 14:14:45,576 - selenium.webdriver.common.selenium_manager - WARNING - Cache folder (/Users/xuenshen/.cache/selenium) cannot be created: Permission denied (os error 13)
2024-05-18 14:14:51,182 - root - INFO - Test Jumps Buttons
2024-05-18 14:14:51,183 - root - INFO - Waiting for buttons loads
2024-05-18 14:14:51,197 - root - INFO - Waiting for jump buttons
2024-05-18 14:14:51,273 - root - INFO - jumpto-lesson-packs
2024-05-18 14:14:52,442 - root - INFO - jumpto-resources
2024-05-18 14:17:13,709 - selenium.webdriver.common.selenium_manager - WARNING - Cache folder (/Users/xuenshen/.cache/selenium) cannot be created: Permission denied (os error 13)
2024-05-18 14:17:13,710 - selenium.webdriver.common.selenium_manager - WARNING - Cache folder (/Users/xuenshen/.cache/selenium) cannot be created: Permission denied (os error 13)
2024-05-18 14:17:13,711 - selenium.webdriver.common.selenium_manager - WARNING - Cache folder (/Users/xuenshen/.cache/selenium) cannot be created: Permission denied (os error 13)
2024-05-18 14:17:17,249 - root - INFO - Test Jumps Buttons
2024-05-18 14:17:17,249 - root - INFO - Waiting for buttons loads
2024-05-18 14:17:17,267 - root - INFO - Waiting for jump buttons
2024-05-18 14:17:17,334 - root - INFO - jumpto-lesson-packs
2024-05-18 14:17:18,596 - root - INFO - jumpto-resources
2024-05-18 14:21:41,546 - selenium.webdriver.common.selenium_manager - WARNING - Cache folder (/Users/xuenshen/.cache/selenium) cannot be created: Permission denied (os error 13)
2024-05-18 14:21:41,547 - selenium.webdriver.common.selenium_manager - WARNING - Cache folder (/Users/xuenshen/.cache/selenium) cannot be created: Permission denied (os error 13)
2024-05-18 14:21:41,547 - selenium.webdriver.common.selenium_manager - WARNING - Cache folder (/Users/xuenshen/.cache/selenium) cannot be created: Permission denied (os error 13)
2024-05-18 14:21:45,194 - root - INFO - Test Jumps Buttons
2024-05-18 14:21:45,195 - root - INFO - Waiting for buttons loads
2024-05-18 14:21:45,216 - root - INFO - Waiting for jump buttons
2024-05-18 14:21:45,291 - root - INFO - jumpto-lesson-packs
2024-05-18 14:23:27,252 - selenium.webdriver.common.selenium_manager - WARNING - Cache folder (/Users/xuenshen/.cache/selenium) cannot be created: Permission denied (os error 13)
2024-05-18 14:23:27,253 - selenium.webdriver.common.selenium_manager - WARNING - Cache folder (/Users/xuenshen/.cache/selenium) cannot be created: Permission denied (os error 13)
2024-05-18 14:23:27,253 - selenium.webdriver.common.selenium_manager - WARNING - Cache folder (/Users/xuenshen/.cache/selenium) cannot be created: Permission denied (os error 13)
2024-05-18 14:23:30,965 - root - INFO - Test Jumps Buttons
2024-05-18 14:23:30,966 - root - INFO - Waiting for buttons loads
2024-05-18 14:23:30,987 - root - INFO - Waiting for jump buttons
2024-05-18 14:23:54,637 - selenium.webdriver.common.selenium_manager - WARNING - Cache folder (/Users/xuenshen/.cache/selenium) cannot be created: Permission denied (os error 13)
2024-05-18 14:23:54,638 - selenium.webdriver.common.selenium_manager - WARNING - Cache folder (/Users/xuenshen/.cache/selenium) cannot be created: Permission denied (os error 13)
2024-05-18 14:23:54,639 - selenium.webdriver.common.selenium_manager - WARNING - Cache folder (/Users/xuenshen/.cache/selenium) cannot be created: Permission denied (os error 13)
2024-05-18 14:23:58,025 - root - INFO - Test Jumps Buttons
2024-05-18 14:23:58,026 - root - INFO - Waiting for buttons loads
2024-05-18 14:23:58,048 - root - INFO - Waiting for jump buttons
2024-05-18 14:24:30,644 - selenium.webdriver.common.selenium_manager - WARNING - Cache folder (/Users/xuenshen/.cache/selenium) cannot be created: Permission denied (os error 13)
2024-05-18 14:24:30,645 - selenium.webdriver.common.selenium_manager - WARNING - Cache folder (/Users/xuenshen/.cache/selenium) cannot be created: Permission denied (os error 13)
2024-05-18 14:24:30,645 - selenium.webdriver.common.selenium_manager - WARNING - Cache folder (/Users/xuenshen/.cache/selenium) cannot be created: Permission denied (os error 13)
2024-05-18 14:24:34,216 - root - INFO - Test Jumps Buttons
2024-05-18 14:24:34,217 - root - INFO - Waiting for buttons loads
2024-05-18 14:24:34,235 - root - INFO - Waiting for jump buttons
2024-05-18 14:24:34,248 - root - INFO - None
2024-05-18 14:25:14,639 - selenium.webdriver.common.selenium_manager - WARNING - Cache folder (/Users/xuenshen/.cache/selenium) cannot be created: Permission denied (os error 13)
2024-05-18 14:25:14,640 - selenium.webdriver.common.selenium_manager - WARNING - Cache folder (/Users/xuenshen/.cache/selenium) cannot be created: Permission denied (os error 13)
2024-05-18 14:25:14,641 - selenium.webdriver.common.selenium_manager - WARNING - Cache folder (/Users/xuenshen/.cache/selenium) cannot be created: Permission denied (os error 13)
2024-05-18 14:25:18,464 - root - INFO - Test Jumps Buttons
2024-05-18 14:25:18,464 - root - INFO - Waiting for buttons loads
2024-05-18 14:25:18,486 - root - INFO - Waiting for jump buttons
2024-05-18 14:25:18,486 - root - INFO - <selenium.webdriver.remote.webelement.WebElement (session="1222cabf265a026c1608a734e3455c40", element="f.F82BD3D13B1EBAEBAAC8526505627933.d.DF6E1923044615AFCA7159DBC3854C37.e.27")>
2024-05-18 14:28:41,313 - selenium.webdriver.common.selenium_manager - WARNING - Cache folder (/Users/xuenshen/.cache/selenium) cannot be created: Permission denied (os error 13)
2024-05-18 14:28:41,315 - selenium.webdriver.common.selenium_manager - WARNING - Cache folder (/Users/xuenshen/.cache/selenium) cannot be created: Permission denied (os error 13)
2024-05-18 14:28:41,315 - selenium.webdriver.common.selenium_manager - WARNING - Cache folder (/Users/xuenshen/.cache/selenium) cannot be created: Permission denied (os error 13)
2024-05-18 14:28:45,032 - root - INFO - Test Jumps Buttons
2024-05-18 14:28:45,033 - root - INFO - Waiting for buttons loads
2024-05-18 14:28:45,059 - root - INFO - Waiting for jump buttons
2024-05-18 14:28:45,059 - root - INFO - <selenium.webdriver.remote.webelement.WebElement (session="dfc882b5053dcf31ebb8b1fe3aea7409", element="f.A2296D1C0B70A5FBFFE0A2A5D316DE37.d.1C648A9D7DD8E6A594A67967109EF0D9.e.27")>
2024-05-18 14:28:45,137 - root - INFO - jumpto-lesson-packs
2024-05-18 14:28:46,240 - root - INFO - <selenium.webdriver.remote.webelement.WebElement (session="dfc882b5053dcf31ebb8b1fe3aea7409", element="f.A2296D1C0B70A5FBFFE0A2A5D316DE37.d.1C648A9D7DD8E6A594A67967109EF0D9.e.28")>
2024-05-18 14:28:46,284 - root - INFO - jumpto-resources
2024-05-18 14:28:47,391 - root - INFO - <selenium.webdriver.remote.webelement.WebElement (session="dfc882b5053dcf31ebb8b1fe3aea7409", element="f.A2296D1C0B70A5FBFFE0A2A5D316DE37.d.1C648A9D7DD8E6A594A67967109EF0D9.e.29")>
2024-05-18 14:28:47,486 - root - INFO - jumpto-activities
2024-05-18 14:28:48,603 - root - INFO - <selenium.webdriver.remote.webelement.WebElement (session="dfc882b5053dcf31ebb8b1fe3aea7409", element="f.A2296D1C0B70A5FBFFE0A2A5D316DE37.d.1C648A9D7DD8E6A594A67967109EF0D9.e.30")>
2024-05-18 14:28:48,634 - root - INFO - jumpto-vocabulary
2024-05-18 14:28:49,697 - root - INFO - jumpto-lesson-packs is not working
2024-05-18 14:28:49,697 - root - INFO - jumpto-resources is not working
2024-05-18 14:28:49,697 - root - INFO - jumpto-activities is not working
2024-05-18 14:28:49,698 - root - INFO - jumpto-vocabulary is not working
2024-05-18 14:29:25,640 - selenium.webdriver.common.selenium_manager - WARNING - Cache folder (/Users/xuenshen/.cache/selenium) cannot be created: Permission denied (os error 13)
2024-05-18 14:29:25,642 - selenium.webdriver.common.selenium_manager - WARNING - Cache folder (/Users/xuenshen/.cache/selenium) cannot be created: Permission denied (os error 13)
2024-05-18 14:29:25,642 - selenium.webdriver.common.selenium_manager - WARNING - Cache folder (/Users/xuenshen/.cache/selenium) cannot be created: Permission denied (os error 13)
2024-05-18 14:29:29,220 - root - INFO - Test Jumps Buttons
2024-05-18 14:29:29,221 - root - INFO - Waiting for buttons loads
2024-05-18 14:29:29,246 - root - INFO - Waiting for jump buttons
2024-05-18 14:29:29,246 - root - INFO - <selenium.webdriver.remote.webelement.WebElement (session="ebeccdff15ad2bdaf2ba4d9a46f1f82b", element="f.5682F83D9825ADD34FADD26C76F72A53.d.6E9FE78C191EEC065E41C707FCE64C8E.e.27")>
2024-05-18 14:29:29,325 - root - INFO - jumpto-lesson-packs
2024-05-18 14:29:31,472 - root - INFO - <selenium.webdriver.remote.webelement.WebElement (session="ebeccdff15ad2bdaf2ba4d9a46f1f82b", element="f.5682F83D9825ADD34FADD26C76F72A53.d.6E9FE78C191EEC065E41C707FCE64C8E.e.28")>
2024-05-18 14:29:31,516 - root - INFO - jumpto-resources
2024-05-18 14:29:33,628 - root - INFO - <selenium.webdriver.remote.webelement.WebElement (session="ebeccdff15ad2bdaf2ba4d9a46f1f82b", element="f.5682F83D9825ADD34FADD26C76F72A53.d.6E9FE78C191EEC065E41C707FCE64C8E.e.29")>
2024-05-18 14:29:33,659 - root - INFO - jumpto-activities
2024-05-18 14:29:35,731 - root - INFO - <selenium.webdriver.remote.webelement.WebElement (session="ebeccdff15ad2bdaf2ba4d9a46f1f82b", element="f.5682F83D9825ADD34FADD26C76F72A53.d.6E9FE78C191EEC065E41C707FCE64C8E.e.30")>
2024-05-18 14:29:35,775 - root - INFO - jumpto-vocabulary
2024-05-18 14:29:37,898 - root - INFO - jumpto-lesson-packs is not working
2024-05-18 14:29:37,898 - root - INFO - jumpto-resources is not working
2024-05-18 14:29:37,923 - root - INFO - jumpto-activities is not working
2024-05-18 14:29:37,944 - root - INFO - jumpto-vocabulary is not working
2024-05-18 15:41:08,233 - selenium.webdriver.common.selenium_manager - WARNING - Cache folder (/Users/xuenshen/.cache/selenium) cannot be created: Permission denied (os error 13)
2024-05-18 15:41:08,235 - selenium.webdriver.common.selenium_manager - WARNING - Cache folder (/Users/xuenshen/.cache/selenium) cannot be created: Permission denied (os error 13)
2024-05-18 15:41:08,235 - selenium.webdriver.common.selenium_manager - WARNING - Cache folder (/Users/xuenshen/.cache/selenium) cannot be created: Permission denied (os error 13)
2024-05-18 15:41:15,620 - root - INFO - Test Vocabulary
2024-05-18 15:41:47,805 - selenium.webdriver.common.selenium_manager - WARNING - Cache folder (/Users/xuenshen/.cache/selenium) cannot be created: Permission denied (os error 13)
2024-05-18 15:41:47,806 - selenium.webdriver.common.selenium_manager - WARNING - Cache folder (/Users/xuenshen/.cache/selenium) cannot be created: Permission denied (os error 13)
2024-05-18 15:41:47,806 - selenium.webdriver.common.selenium_manager - WARNING - Cache folder (/Users/xuenshen/.cache/selenium) cannot be created: Permission denied (os error 13)
2024-05-18 15:41:51,513 - root - INFO - Test Vocabulary
2024-05-18 15:42:38,888 - selenium.webdriver.common.selenium_manager - WARNING - Cache folder (/Users/xuenshen/.cache/selenium) cannot be created: Permission denied (os error 13)
2024-05-18 15:42:38,889 - selenium.webdriver.common.selenium_manager - WARNING - Cache folder (/Users/xuenshen/.cache/selenium) cannot be created: Permission denied (os error 13)
2024-05-18 15:42:38,889 - selenium.webdriver.common.selenium_manager - WARNING - Cache folder (/Users/xuenshen/.cache/selenium) cannot be created: Permission denied (os error 13)
2024-05-18 15:42:42,185 - root - INFO - Test Vocabulary
2024-05-18 15:47:27,786 - selenium.webdriver.common.selenium_manager - WARNING - Cache folder (/Users/xuenshen/.cache/selenium) cannot be created: Permission denied (os error 13)
2024-05-18 15:47:27,788 - selenium.webdriver.common.selenium_manager - WARNING - Cache folder (/Users/xuenshen/.cache/selenium) cannot be created: Permission denied (os error 13)
2024-05-18 15:47:27,788 - selenium.webdriver.common.selenium_manager - WARNING - Cache folder (/Users/xuenshen/.cache/selenium) cannot be created: Permission denied (os error 13)
2024-05-18 15:47:31,216 - root - INFO - Test vocabulary with small windows
2024-05-18 15:51:39,823 - selenium.webdriver.common.selenium_manager - WARNING - Cache folder (/Users/xuenshen/.cache/selenium) cannot be created: Permission denied (os error 13)
2024-05-18 15:51:39,824 - selenium.webdriver.common.selenium_manager - WARNING - Cache folder (/Users/xuenshen/.cache/selenium) cannot be created: Permission denied (os error 13)
2024-05-18 15:51:39,825 - selenium.webdriver.common.selenium_manager - WARNING - Cache folder (/Users/xuenshen/.cache/selenium) cannot be created: Permission denied (os error 13)
2024-05-18 15:51:43,382 - root - INFO - Test vocabulary with small windows
2024-05-18 15:51:44,793 - root - INFO - %s does not fold contents
2024-05-18 15:51:46,938 - root - INFO - %s does not fold contents
2024-05-18 15:51:49,073 - root - INFO - %s does not fold contents
2024-05-18 15:51:51,210 - root - INFO - %s does not fold contents
2024-05-18 15:51:52,327 - root - INFO - %s does not show contents
2024-05-18 15:51:53,397 - root - INFO - %s does not fold contents
2024-05-18 15:52:33,675 - selenium.webdriver.common.selenium_manager - WARNING - Cache folder (/Users/xuenshen/.cache/selenium) cannot be created: Permission denied (os error 13)
2024-05-18 15:52:33,676 - selenium.webdriver.common.selenium_manager - WARNING - Cache folder (/Users/xuenshen/.cache/selenium) cannot be created: Permission denied (os error 13)
2024-05-18 15:52:33,676 - selenium.webdriver.common.selenium_manager - WARNING - Cache folder (/Users/xuenshen/.cache/selenium) cannot be created: Permission denied (os error 13)
2024-05-18 15:52:38,120 - root - INFO - Test vocabulary with small windows
2024-05-18 15:52:39,757 - root - INFO - %s does not fold contents
2024-05-18 15:52:56,068 - selenium.webdriver.common.selenium_manager - WARNING - Cache folder (/Users/xuenshen/.cache/selenium) cannot be created: Permission denied (os error 13)
2024-05-18 15:52:56,069 - selenium.webdriver.common.selenium_manager - WARNING - Cache folder (/Users/xuenshen/.cache/selenium) cannot be created: Permission denied (os error 13)
2024-05-18 15:52:56,069 - selenium.webdriver.common.selenium_manager - WARNING - Cache folder (/Users/xuenshen/.cache/selenium) cannot be created: Permission denied (os error 13)
2024-05-18 15:53:01,045 - root - INFO - Test vocabulary with small windows
2024-05-18 15:53:02,755 - root - INFO - %s does not fold contents
2024-05-18 15:55:08,659 - selenium.webdriver.common.selenium_manager - WARNING - Cache folder (/Users/xuenshen/.cache/selenium) cannot be created: Permission denied (os error 13)
2024-05-18 15:55:08,661 - selenium.webdriver.common.selenium_manager - WARNING - Cache folder (/Users/xuenshen/.cache/selenium) cannot be created: Permission denied (os error 13)
2024-05-18 15:55:08,661 - selenium.webdriver.common.selenium_manager - WARNING - Cache folder (/Users/xuenshen/.cache/selenium) cannot be created: Permission denied (os error 13)
2024-05-18 15:55:15,837 - root - INFO - Test vocabulary with small windows
2024-05-18 15:56:46,733 - selenium.webdriver.common.selenium_manager - WARNING - Cache folder (/Users/xuenshen/.cache/selenium) cannot be created: Permission denied (os error 13)
2024-05-18 15:56:46,735 - selenium.webdriver.common.selenium_manager - WARNING - Cache folder (/Users/xuenshen/.cache/selenium) cannot be created: Permission denied (os error 13)
2024-05-18 15:56:46,735 - selenium.webdriver.common.selenium_manager - WARNING - Cache folder (/Users/xuenshen/.cache/selenium) cannot be created: Permission denied (os error 13)
2024-05-18 15:56:50,407 - root - INFO - Test vocabulary with small windows
2024-05-18 16:02:40,244 - selenium.webdriver.common.selenium_manager - WARNING - Cache folder (/Users/xuenshen/.cache/selenium) cannot be created: Permission denied (os error 13)
2024-05-18 16:02:40,245 - selenium.webdriver.common.selenium_manager - WARNING - Cache folder (/Users/xuenshen/.cache/selenium) cannot be created: Permission denied (os error 13)
2024-05-18 16:02:40,246 - selenium.webdriver.common.selenium_manager - WARNING - Cache folder (/Users/xuenshen/.cache/selenium) cannot be created: Permission denied (os error 13)
2024-05-18 16:02:43,957 - root - INFO - Test vocabulary with small windows
2024-05-18 16:03:24,161 - selenium.webdriver.common.selenium_manager - WARNING - Cache folder (/Users/xuenshen/.cache/selenium) cannot be created: Permission denied (os error 13)
2024-05-18 16:03:24,163 - selenium.webdriver.common.selenium_manager - WARNING - Cache folder (/Users/xuenshen/.cache/selenium) cannot be created: Permission denied (os error 13)
2024-05-18 16:03:24,163 - selenium.webdriver.common.selenium_manager - WARNING - Cache folder (/Users/xuenshen/.cache/selenium) cannot be created: Permission denied (os error 13)
2024-05-18 16:03:27,559 - root - INFO - Test vocabulary with small windows
2024-05-18 16:04:32,878 - selenium.webdriver.common.selenium_manager - WARNING - Cache folder (/Users/xuenshen/.cache/selenium) cannot be created: Permission denied (os error 13)
2024-05-18 16:04:32,879 - selenium.webdriver.common.selenium_manager - WARNING - Cache folder (/Users/xuenshen/.cache/selenium) cannot be created: Permission denied (os error 13)
2024-05-18 16:04:32,880 - selenium.webdriver.common.selenium_manager - WARNING - Cache folder (/Users/xuenshen/.cache/selenium) cannot be created: Permission denied (os error 13)
2024-05-18 16:04:36,059 - root - INFO - Test vocabulary with small windows
2024-05-18 16:04:37,725 - root - INFO - %s does not fold contents
2024-05-18 16:04:48,582 - selenium.webdriver.common.selenium_manager - WARNING - Cache folder (/Users/xuenshen/.cache/selenium) cannot be created: Permission denied (os error 13)
2024-05-18 16:04:48,583 - selenium.webdriver.common.selenium_manager - WARNING - Cache folder (/Users/xuenshen/.cache/selenium) cannot be created: Permission denied (os error 13)
2024-05-18 16:04:48,583 - selenium.webdriver.common.selenium_manager - WARNING - Cache folder (/Users/xuenshen/.cache/selenium) cannot be created: Permission denied (os error 13)
2024-05-18 16:04:52,117 - root - INFO - Test vocabulary with small windows
2024-05-18 16:04:53,750 - root - INFO - %s does not fold contents
2024-05-18 16:05:25,530 - selenium.webdriver.common.selenium_manager - WARNING - Cache folder (/Users/xuenshen/.cache/selenium) cannot be created: Permission denied (os error 13)
2024-05-18 16:05:25,531 - selenium.webdriver.common.selenium_manager - WARNING - Cache folder (/Users/xuenshen/.cache/selenium) cannot be created: Permission denied (os error 13)
2024-05-18 16:05:25,531 - selenium.webdriver.common.selenium_manager - WARNING - Cache folder (/Users/xuenshen/.cache/selenium) cannot be created: Permission denied (os error 13)
2024-05-18 16:05:29,310 - root - INFO - Test vocabulary with small windows
2024-05-18 16:05:30,777 - root - INFO - %s does not fold contents
2024-05-18 16:05:45,761 - selenium.webdriver.common.selenium_manager - WARNING - Cache folder (/Users/xuenshen/.cache/selenium) cannot be created: Permission denied (os error 13)
2024-05-18 16:05:45,762 - selenium.webdriver.common.selenium_manager - WARNING - Cache folder (/Users/xuenshen/.cache/selenium) cannot be created: Permission denied (os error 13)
2024-05-18 16:05:45,763 - selenium.webdriver.common.selenium_manager - WARNING - Cache folder (/Users/xuenshen/.cache/selenium) cannot be created: Permission denied (os error 13)
2024-05-18 16:05:50,245 - root - INFO - Test vocabulary with small windows
2024-05-18 16:05:52,127 - root - INFO - %s does not fold contents
2024-05-18 16:06:20,419 - selenium.webdriver.common.selenium_manager - WARNING - Cache folder (/Users/xuenshen/.cache/selenium) cannot be created: Permission denied (os error 13)
2024-05-18 16:06:20,420 - selenium.webdriver.common.selenium_manager - WARNING - Cache folder (/Users/xuenshen/.cache/selenium) cannot be created: Permission denied (os error 13)
2024-05-18 16:06:20,420 - selenium.webdriver.common.selenium_manager - WARNING - Cache folder (/Users/xuenshen/.cache/selenium) cannot be created: Permission denied (os error 13)
2024-05-18 16:06:27,416 - root - INFO - Test vocabulary with small windows
2024-05-18 16:06:28,720 - root - INFO - %s does not fold contents
2024-05-18 16:06:30,877 - root - INFO - %s does not fold contents
2024-05-18 16:06:33,037 - root - INFO - %s does not fold contents
2024-05-18 16:06:35,201 - root - INFO - %s does not fold contents
2024-05-18 16:06:37,505 - root - INFO - %s does not fold contents
2024-05-18 16:06:46,879 - selenium.webdriver.common.selenium_manager - WARNING - Cache folder (/Users/xuenshen/.cache/selenium) cannot be created: Permission denied (os error 13)
2024-05-18 16:06:46,880 - selenium.webdriver.common.selenium_manager - WARNING - Cache folder (/Users/xuenshen/.cache/selenium) cannot be created: Permission denied (os error 13)
2024-05-18 16:06:46,880 - selenium.webdriver.common.selenium_manager - WARNING - Cache folder (/Users/xuenshen/.cache/selenium) cannot be created: Permission denied (os error 13)
2024-05-18 16:06:50,252 - root - INFO - Test vocabulary with small windows
2024-05-18 16:06:52,130 - root - INFO - %s does not fold contents
2024-05-18 16:09:01,058 - selenium.webdriver.common.selenium_manager - WARNING - Cache folder (/Users/xuenshen/.cache/selenium) cannot be created: Permission denied (os error 13)
2024-05-18 16:09:01,059 - selenium.webdriver.common.selenium_manager - WARNING - Cache folder (/Users/xuenshen/.cache/selenium) cannot be created: Permission denied (os error 13)
2024-05-18 16:09:01,060 - selenium.webdriver.common.selenium_manager - WARNING - Cache folder (/Users/xuenshen/.cache/selenium) cannot be created: Permission denied (os error 13)
2024-05-18 16:09:04,551 - root - INFO - Test vocabulary with small windows
2024-05-18 16:09:06,186 - root - INFO - %s does not fold contents
2024-05-18 16:10:43,835 - selenium.webdriver.common.selenium_manager - WARNING - Cache folder (/Users/xuenshen/.cache/selenium) cannot be created: Permission denied (os error 13)
2024-05-18 16:10:43,836 - selenium.webdriver.common.selenium_manager - WARNING - Cache folder (/Users/xuenshen/.cache/selenium) cannot be created: Permission denied (os error 13)
2024-05-18 16:10:43,837 - selenium.webdriver.common.selenium_manager - WARNING - Cache folder (/Users/xuenshen/.cache/selenium) cannot be created: Permission denied (os error 13)
2024-05-18 16:10:47,438 - root - INFO - Test vocabulary with small windows
2024-05-18 16:11:12,534 - selenium.webdriver.common.selenium_manager - WARNING - Cache folder (/Users/xuenshen/.cache/selenium) cannot be created: Permission denied (os error 13)
2024-05-18 16:11:12,535 - selenium.webdriver.common.selenium_manager - WARNING - Cache folder (/Users/xuenshen/.cache/selenium) cannot be created: Permission denied (os error 13)
2024-05-18 16:11:12,535 - selenium.webdriver.common.selenium_manager - WARNING - Cache folder (/Users/xuenshen/.cache/selenium) cannot be created: Permission denied (os error 13)
2024-05-18 16:11:16,276 - root - INFO - Test vocabulary with small windows
2024-05-18 16:11:17,982 - root - INFO - %s does not fold contents
2024-05-18 16:21:13,345 - selenium.webdriver.common.selenium_manager - WARNING - Cache folder (/Users/xuenshen/.cache/selenium) cannot be created: Permission denied (os error 13)
2024-05-18 16:21:13,346 - selenium.webdriver.common.selenium_manager - WARNING - Cache folder (/Users/xuenshen/.cache/selenium) cannot be created: Permission denied (os error 13)
2024-05-18 16:21:13,347 - selenium.webdriver.common.selenium_manager - WARNING - Cache folder (/Users/xuenshen/.cache/selenium) cannot be created: Permission denied (os error 13)
2024-05-18 16:21:16,616 - root - INFO - Test vocabulary with full windows
2024-05-18 16:21:22,818 - selenium.webdriver.common.selenium_manager - WARNING - Cache folder (/Users/xuenshen/.cache/selenium) cannot be created: Permission denied (os error 13)
2024-05-18 16:21:22,819 - selenium.webdriver.common.selenium_manager - WARNING - Cache folder (/Users/xuenshen/.cache/selenium) cannot be created: Permission denied (os error 13)
2024-05-18 16:21:22,820 - selenium.webdriver.common.selenium_manager - WARNING - Cache folder (/Users/xuenshen/.cache/selenium) cannot be created: Permission denied (os error 13)
2024-05-18 16:21:27,315 - root - INFO - Test vocabulary with small windows
2024-05-18 16:21:27,930 - root - INFO - %s does not fold contents
2024-05-18 16:26:31,559 - selenium.webdriver.common.selenium_manager - WARNING - Cache folder (/Users/xuenshen/.cache/selenium) cannot be created: Permission denied (os error 13)
2024-05-18 16:26:31,560 - selenium.webdriver.common.selenium_manager - WARNING - Cache folder (/Users/xuenshen/.cache/selenium) cannot be created: Permission denied (os error 13)
2024-05-18 16:26:31,560 - selenium.webdriver.common.selenium_manager - WARNING - Cache folder (/Users/xuenshen/.cache/selenium) cannot be created: Permission denied (os error 13)
2024-05-18 16:26:31,575 - selenium.webdriver.common.selenium_manager - WARNING - Cache folder (/Users/xuenshen/.cache/selenium) cannot be created: Permission denied (os error 13)
2024-05-18 16:26:31,575 - selenium.webdriver.common.selenium_manager - WARNING - Cache folder (/Users/xuenshen/.cache/selenium) cannot be created: Permission denied (os error 13)
2024-05-18 16:26:31,575 - selenium.webdriver.common.selenium_manager - WARNING - Cache folder (/Users/xuenshen/.cache/selenium) cannot be created: Permission denied (os error 13)
2024-05-18 16:26:34,008 - root - INFO - Test vocabulary with full windows
2024-05-18 16:26:41,071 - root - INFO - Test vocabulary with small windows
2024-05-18 16:26:41,900 - root - INFO - %s does not fold contents
2024-05-18 16:26:41,923 - root - INFO - browser crash during testing
2024-05-18 16:36:06,792 - selenium.webdriver.common.selenium_manager - WARNING - Cache folder (/Users/xuenshen/.cache/selenium) cannot be created: Permission denied (os error 13)
2024-05-18 16:36:06,794 - selenium.webdriver.common.selenium_manager - WARNING - Cache folder (/Users/xuenshen/.cache/selenium) cannot be created: Permission denied (os error 13)
2024-05-18 16:36:06,794 - selenium.webdriver.common.selenium_manager - WARNING - Cache folder (/Users/xuenshen/.cache/selenium) cannot be created: Permission denied (os error 13)
2024-05-18 16:36:06,820 - selenium.webdriver.common.selenium_manager - WARNING - Cache folder (/Users/xuenshen/.cache/selenium) cannot be created: Permission denied (os error 13)
2024-05-18 16:36:06,820 - selenium.webdriver.common.selenium_manager - WARNING - Cache folder (/Users/xuenshen/.cache/selenium) cannot be created: Permission denied (os error 13)
2024-05-18 16:36:06,820 - selenium.webdriver.common.selenium_manager - WARNING - Cache folder (/Users/xuenshen/.cache/selenium) cannot be created: Permission denied (os error 13)
2024-05-18 16:36:12,442 - root - INFO - Test vocabulary with full windows
2024-05-18 16:36:14,037 - root - INFO - Test vocabulary with small windows
2024-05-18 16:36:14,943 - root - INFO - %s does not fold contents
2024-05-18 16:36:14,988 - root - INFO - browser crash during testing
